<?xml version="1.0" encoding="UTF-8"?>
<testsuite name="com.detroitlabs.dudewheresmycar.Controller.MapControllerTest" tests="1" skipped="0" failures="0" errors="0" timestamp="2022-03-29T17:06:20" hostname="RUQAYYAHs-MacBook-Pro.local" time="0.558">
  <properties/>
  <testcase name="displayName()" classname="com.detroitlabs.dudewheresmycar.Controller.MapControllerTest" time="0.558"/>
  <system-out><![CDATA[13:06:20.569 [Test worker] DEBUG org.springframework.web.client.RestTemplate - HTTP GET http://dev.virtualearth.net/REST/v1/Locations?q=seattle&key=ApEA9xR5n09ZmerG_8I-6nU41Ar-q4zh4ZQb8YoYx-pGKcoPufhvPhELDOUDc_L4
13:06:20.627 [Test worker] DEBUG org.springframework.web.client.RestTemplate - Accept=[application/json, application/*+json]
13:06:20.836 [Test worker] DEBUG org.springframework.web.client.RestTemplate - Response 200 OK
13:06:20.840 [Test worker] DEBUG org.springframework.web.client.RestTemplate - Reading to [com.detroitlabs.dudewheresmycar.model.Map]
Result Seattle, WA
]]></system-out>
  <system-err><![CDATA[]]></system-err>
</testsuite>
